<?xml version="1.0" encoding="UTF-8"?>
<testsuite name="com.will.nacos.domain.PersonTest" tests="2" skipped="0" failures="0" errors="0" timestamp="2022-02-21T16:50:44" hostname="maolingweideMBP" time="0.005">
  <properties/>
  <testcase name="test" classname="com.will.nacos.domain.PersonTest" time="0.004"/>
  <testcase name="test2" classname="com.will.nacos.domain.PersonTest" time="0.001"/>
  <system-out><![CDATA[success
]]></system-out>
  <system-err><![CDATA[]]></system-err>
</testsuite>
